<?xml version="1.0" encoding="UTF-8"?>
<coverage generated="1507847006278" clover="3.2.0">
  <project timestamp="1507847006279" name="All files">
    <metrics statements="15" coveredstatements="12" conditionals="2" coveredconditionals="1" methods="8" coveredmethods="5" elements="25" coveredelements="18" complexity="0" loc="15" ncloc="15" packages="2" files="4" classes="4">
      <package name="js">
        <metrics statements="14" coveredstatements="11" conditionals="2" coveredconditionals="1" methods="8" coveredmethods="5"/>
        <file name="BookCard.jsx" path="/Users/brian/Sites/Websites/book-webapp/js/BookCard.jsx">
          <metrics statements="4" coveredstatements="2" conditionals="0" coveredconditionals="0" methods="2" coveredmethods="0"/>
          <line num="7" count="1" type="stmt"/>
          <line num="13" count="1" type="stmt"/>
          <line num="22" count="0" type="stmt"/>
          <line num="26" count="0" type="stmt"/>
        </file>
        <file name="Header.jsx" path="/Users/brian/Sites/Websites/book-webapp/js/Header.jsx">
          <metrics statements="6" coveredstatements="5" conditionals="2" coveredconditionals="1" methods="2" coveredmethods="1"/>
          <line num="6" count="1" type="stmt"/>
          <line num="8" count="1" type="cond" truecount="1" falsecount="1"/>
          <line num="9" count="1" type="stmt"/>
          <line num="19" count="0" type="stmt"/>
          <line num="27" count="1" type="stmt"/>
          <line num="37" count="1" type="stmt"/>
        </file>
        <file name="Search.jsx" path="/Users/brian/Sites/Websites/book-webapp/js/Search.jsx">
          <metrics statements="4" coveredstatements="4" conditionals="0" coveredconditionals="0" methods="4" coveredmethods="4"/>
          <line num="15" count="1" type="stmt"/>
          <line num="18" count="4" type="stmt"/>
          <line num="29" count="16" type="stmt"/>
          <line num="31" count="13" type="stmt"/>
        </file>
      </package>
      <package name="js.__test__">
        <metrics statements="1" coveredstatements="1" conditionals="0" coveredconditionals="0" methods="0" coveredmethods="0"/>
        <file name="setupTests.js" path="/Users/brian/Sites/Websites/book-webapp/js/__test__/setupTests.js">
          <metrics statements="1" coveredstatements="1" conditionals="0" coveredconditionals="0" methods="0" coveredmethods="0"/>
          <line num="6" count="1" type="stmt"/>
        </file>
      </package>
    </metrics>
  </project>
</coverage>
