{"/Users/brian/Sites/Websites/book-webapp/js/BookCard.jsx": {"path":"/Users/brian/Sites/Websites/book-webapp/js/BookCard.jsx","statementMap":{"0":{"start":{"line":7,"column":16},"end":{"line":11,"column":1}},"1":{"start":{"line":13,"column":14},"end":{"line":18,"column":1}},"2":{"start":{"line":22,"column":4},"end":{"line":22,"column":17}},"3":{"start":{"line":26,"column":4},"end":{"line":37,"column":6}}},"fnMap":{"0":{"name":"(anonymous_0)","decl":{"start":{"line":21,"column":2},"end":{"line":21,"column":3}},"loc":{"start":{"line":21,"column":26},"end":{"line":23,"column":3}},"line":21},"1":{"name":"(anonymous_1)","decl":{"start":{"line":25,"column":2},"end":{"line":25,"column":3}},"loc":{"start":{"line":25,"column":11},"end":{"line":38,"column":3}},"line":25}},"branchMap":{},"s":{"0":1,"1":1,"2":0,"3":0},"f":{"0":0,"1":0},"b":{},"_coverageSchema":"332fd63041d2c1bcb487cc26dd0d5f7d97098a6c","hash":"2a989c8be0fdc07ed2e4bc48de0e2859eb3ad3ea"}
,"/Users/brian/Sites/Websites/book-webapp/js/Header.jsx": {"path":"/Users/brian/Sites/Websites/book-webapp/js/Header.jsx","statementMap":{"0":{"start":{"line":6,"column":15},"end":{"line":35,"column":1}},"1":{"start":{"line":8,"column":2},"end":{"line":26,"column":3}},"2":{"start":{"line":9,"column":4},"end":{"line":17,"column":6}},"3":{"start":{"line":19,"column":4},"end":{"line":25,"column":6}},"4":{"start":{"line":27,"column":2},"end":{"line":34,"column":4}},"5":{"start":{"line":37,"column":0},"end":{"line":41,"column":2}}},"fnMap":{"0":{"name":"(anonymous_0)","decl":{"start":{"line":6,"column":15},"end":{"line":6,"column":16}},"loc":{"start":{"line":6,"column":108},"end":{"line":35,"column":1}},"line":6},"1":{"name":"noop","decl":{"start":{"line":39,"column":35},"end":{"line":39,"column":39}},"loc":{"start":{"line":39,"column":42},"end":{"line":39,"column":44}},"line":39}},"branchMap":{"0":{"loc":{"start":{"line":8,"column":2},"end":{"line":26,"column":3}},"type":"if","locations":[{"start":{"line":8,"column":2},"end":{"line":26,"column":3}},{"start":{"line":8,"column":2},"end":{"line":26,"column":3}}],"line":8}},"s":{"0":1,"1":1,"2":1,"3":0,"4":1,"5":1},"f":{"0":1,"1":0},"b":{"0":[1,0]},"_coverageSchema":"332fd63041d2c1bcb487cc26dd0d5f7d97098a6c","hash":"8f6737fc6d0d100859a143194a0c0a2c28ea0f77"}
,"/Users/brian/Sites/Websites/book-webapp/js/Search.jsx": {"path":"/Users/brian/Sites/Websites/book-webapp/js/Search.jsx","statementMap":{"0":{"start":{"line":15,"column":4},"end":{"line":15,"column":54}},"1":{"start":{"line":18,"column":4},"end":{"line":34,"column":6}},"2":{"start":{"line":29,"column":22},"end":{"line":29,"column":116}},"3":{"start":{"line":31,"column":25},"end":{"line":31,"column":61}}},"fnMap":{"0":{"name":"(anonymous_0)","decl":{"start":{"line":14,"column":27},"end":{"line":14,"column":28}},"loc":{"start":{"line":14,"column":93},"end":{"line":16,"column":3}},"line":14},"1":{"name":"(anonymous_1)","decl":{"start":{"line":17,"column":2},"end":{"line":17,"column":3}},"loc":{"start":{"line":17,"column":11},"end":{"line":35,"column":3}},"line":17},"2":{"name":"(anonymous_2)","decl":{"start":{"line":29,"column":14},"end":{"line":29,"column":15}},"loc":{"start":{"line":29,"column":22},"end":{"line":29,"column":116}},"line":29},"3":{"name":"(anonymous_3)","decl":{"start":{"line":31,"column":17},"end":{"line":31,"column":18}},"loc":{"start":{"line":31,"column":25},"end":{"line":31,"column":61}},"line":31}},"branchMap":{},"s":{"0":1,"1":4,"2":16,"3":13},"f":{"0":1,"1":4,"2":16,"3":13},"b":{},"_coverageSchema":"332fd63041d2c1bcb487cc26dd0d5f7d97098a6c","hash":"c2caae145332d7138ce6f448ea3f185aba23f119"}
,"/Users/brian/Sites/Websites/book-webapp/js/__test__/setupTests.js": {"path":"/Users/brian/Sites/Websites/book-webapp/js/__test__/setupTests.js","statementMap":{"0":{"start":{"line":6,"column":0},"end":{"line":6,"column":45}}},"fnMap":{},"branchMap":{},"s":{"0":1},"f":{},"b":{},"_coverageSchema":"332fd63041d2c1bcb487cc26dd0d5f7d97098a6c","hash":"66bc2dca0010d89f6db650c58715e090f7ef94d7"}
}
