TN:
SF:/Users/brian/Sites/Websites/book-webapp/js/BookCard.jsx
FN:21,(anonymous_0)
FN:25,(anonymous_1)
FNF:2
FNH:0
FNDA:0,(anonymous_0)
FNDA:0,(anonymous_1)
DA:7,1
DA:13,1
DA:22,0
DA:26,0
LF:4
LH:2
BRF:0
BRH:0
end_of_record
TN:
SF:/Users/brian/Sites/Websites/book-webapp/js/Header.jsx
FN:6,(anonymous_0)
FN:39,noop
FNF:2
FNH:1
FNDA:1,(anonymous_0)
FNDA:0,noop
DA:6,1
DA:8,1
DA:9,1
DA:19,0
DA:27,1
DA:37,1
LF:6
LH:5
BRDA:8,0,0,1
BRDA:8,0,1,0
BRF:2
BRH:1
end_of_record
TN:
SF:/Users/brian/Sites/Websites/book-webapp/js/Search.jsx
FN:14,(anonymous_0)
FN:17,(anonymous_1)
FN:29,(anonymous_2)
FN:31,(anonymous_3)
FNF:4
FNH:4
FNDA:1,(anonymous_0)
FNDA:4,(anonymous_1)
FNDA:16,(anonymous_2)
FNDA:13,(anonymous_3)
DA:15,1
DA:18,4
DA:29,16
DA:31,13
LF:4
LH:4
BRF:0
BRH:0
end_of_record
TN:
SF:/Users/brian/Sites/Websites/book-webapp/js/__test__/setupTests.js
FNF:0
FNH:0
DA:6,1
LF:1
LH:1
BRF:0
BRH:0
end_of_record
